[1m[37m      invoke[0m  active_record
[1m[32m      create[0m    db/migrate/20121120005049_create_data_sets.rb
[1m[32m      create[0m    app/models/data_set.rb
[1m[37m      invoke[0m    test_unit
[1m[32m      create[0m      test/unit/data_set_test.rb
[1m[32m      create[0m      test/fixtures/data_sets.yml
[1m[37m      invoke[0m  resource_route
[1m[32m       route[0m    resources :data_sets
[1m[37m      invoke[0m  scaffold_controller
[1m[32m      create[0m    app/controllers/data_sets_controller.rb
[1m[37m      invoke[0m    erb
[1m[32m      create[0m      app/views/data_sets
[1m[32m      create[0m      app/views/data_sets/index.html.erb
[1m[32m      create[0m      app/views/data_sets/edit.html.erb
[1m[32m      create[0m      app/views/data_sets/show.html.erb
[1m[32m      create[0m      app/views/data_sets/new.html.erb
[1m[32m      create[0m      app/views/data_sets/_form.html.erb
[1m[37m      invoke[0m    test_unit
[1m[32m      create[0m      test/functional/data_sets_controller_test.rb
[1m[37m      invoke[0m    helper
[1m[32m      create[0m      app/helpers/data_sets_helper.rb
[1m[37m      invoke[0m      test_unit
[1m[32m      create[0m        test/unit/helpers/data_sets_helper_test.rb
[1m[37m      invoke[0m  assets
[1m[37m      invoke[0m    coffee
[1m[32m      create[0m      app/assets/javascripts/data_sets.js.coffee
[1m[37m      invoke[0m    scss
[1m[32m      create[0m      app/assets/stylesheets/data_sets.css.scss
[1m[37m      invoke[0m  scss
[1m[32m      create[0m    app/assets/stylesheets/scaffolds.css.scss
[1m[37m      invoke[0m  active_record
[1m[32m      create[0m    db/migrate/20121120005054_create_fields.rb
[1m[32m      create[0m    app/models/field.rb
[1m[37m      invoke[0m    test_unit
[1m[32m      create[0m      test/unit/field_test.rb
[1m[32m      create[0m      test/fixtures/fields.yml
[1m[37m      invoke[0m  resource_route
[1m[32m       route[0m    resources :fields
[1m[37m      invoke[0m  scaffold_controller
[1m[32m      create[0m    app/controllers/fields_controller.rb
[1m[37m      invoke[0m    erb
[1m[32m      create[0m      app/views/fields
[1m[32m      create[0m      app/views/fields/index.html.erb
[1m[32m      create[0m      app/views/fields/edit.html.erb
[1m[32m      create[0m      app/views/fields/show.html.erb
[1m[32m      create[0m      app/views/fields/new.html.erb
[1m[32m      create[0m      app/views/fields/_form.html.erb
[1m[37m      invoke[0m    test_unit
[1m[32m      create[0m      test/functional/fields_controller_test.rb
[1m[37m      invoke[0m    helper
[1m[32m      create[0m      app/helpers/fields_helper.rb
[1m[37m      invoke[0m      test_unit
[1m[32m      create[0m        test/unit/helpers/fields_helper_test.rb
[1m[37m      invoke[0m  assets
[1m[37m      invoke[0m    coffee
[1m[32m      create[0m      app/assets/javascripts/fields.js.coffee
[1m[37m      invoke[0m    scss
[1m[32m      create[0m      app/assets/stylesheets/fields.css.scss
[1m[37m      invoke[0m  scss
[1m[34m   identical[0m    app/assets/stylesheets/scaffolds.css.scss
[1m[37m      invoke[0m  active_record
[1m[32m      create[0m    db/migrate/20121120005059_create_records.rb
[1m[32m      create[0m    app/models/record.rb
[1m[37m      invoke[0m    test_unit
[1m[32m      create[0m      test/unit/record_test.rb
[1m[32m      create[0m      test/fixtures/records.yml
[1m[37m      invoke[0m  resource_route
[1m[32m       route[0m    resources :records
[1m[37m      invoke[0m  scaffold_controller
[1m[32m      create[0m    app/controllers/records_controller.rb
[1m[37m      invoke[0m    erb
[1m[32m      create[0m      app/views/records
[1m[32m      create[0m      app/views/records/index.html.erb
[1m[32m      create[0m      app/views/records/edit.html.erb
[1m[32m      create[0m      app/views/records/show.html.erb
[1m[32m      create[0m      app/views/records/new.html.erb
[1m[32m      create[0m      app/views/records/_form.html.erb
[1m[37m      invoke[0m    test_unit
[1m[32m      create[0m      test/functional/records_controller_test.rb
[1m[37m      invoke[0m    helper
[1m[32m      create[0m      app/helpers/records_helper.rb
[1m[37m      invoke[0m      test_unit
[1m[32m      create[0m        test/unit/helpers/records_helper_test.rb
[1m[37m      invoke[0m  assets
[1m[37m      invoke[0m    coffee
[1m[32m      create[0m      app/assets/javascripts/records.js.coffee
[1m[37m      invoke[0m    scss
[1m[32m      create[0m      app/assets/stylesheets/records.css.scss
[1m[37m      invoke[0m  scss
[1m[34m   identical[0m    app/assets/stylesheets/scaffolds.css.scss
[1m[37m      invoke[0m  active_record
[1m[32m      create[0m    db/migrate/20121120005105_create_cells.rb
[1m[32m      create[0m    app/models/cell.rb
[1m[37m      invoke[0m    test_unit
[1m[32m      create[0m      test/unit/cell_test.rb
[1m[32m      create[0m      test/fixtures/cells.yml
[1m[37m      invoke[0m  resource_route
[1m[32m       route[0m    resources :cells
[1m[37m      invoke[0m  scaffold_controller
[1m[32m      create[0m    app/controllers/cells_controller.rb
[1m[37m      invoke[0m    erb
[1m[32m      create[0m      app/views/cells
[1m[32m      create[0m      app/views/cells/index.html.erb
[1m[32m      create[0m      app/views/cells/edit.html.erb
[1m[32m      create[0m      app/views/cells/show.html.erb
[1m[32m      create[0m      app/views/cells/new.html.erb
[1m[32m      create[0m      app/views/cells/_form.html.erb
[1m[37m      invoke[0m    test_unit
[1m[32m      create[0m      test/functional/cells_controller_test.rb
[1m[37m      invoke[0m    helper
[1m[32m      create[0m      app/helpers/cells_helper.rb
[1m[37m      invoke[0m      test_unit
[1m[32m      create[0m        test/unit/helpers/cells_helper_test.rb
[1m[37m      invoke[0m  assets
[1m[37m      invoke[0m    coffee
[1m[32m      create[0m      app/assets/javascripts/cells.js.coffee
[1m[37m      invoke[0m    scss
[1m[32m      create[0m      app/assets/stylesheets/cells.css.scss
[1m[37m      invoke[0m  scss
[1m[34m   identical[0m    app/assets/stylesheets/scaffolds.css.scss
